<?xml version="1.0" encoding="UTF-8"?>
<!-- Generated by org.testng.reporters.JUnitReportReporter -->
<testsuite skipped="0" hostname="DESKTOP-RUVD9SS" name="testcases.Creating_A_Product" tests="1" failures="0" timestamp="16 Jan 2022 18:53:04 GMT" time="1.789" errors="0">
  <testcase name="creat_A_Product" time="1.789" classname="testcases.Creating_A_Product"/>
</testsuite> <!-- testcases.Creating_A_Product -->
