<?xml version="1.0" encoding="UTF-8"?>
<!-- Generated by org.testng.reporters.JUnitReportReporter -->
<testsuite skipped="0" hostname="DESKTOP-RUVD9SS" name="testcases.Update_A_Product2" tests="1" failures="0" timestamp="17 Jan 2022 00:33:19 GMT" time="2.324" errors="0">
  <testcase name="Upgating_A_Product" time="2.324" classname="testcases.Update_A_Product2"/>
</testsuite> <!-- testcases.Update_A_Product2 -->
