<?xml version="1.0" encoding="UTF-8"?>
<!-- Generated by org.testng.reporters.JUnitReportReporter -->
<testsuite skipped="0" hostname="DESKTOP-RUVD9SS" name="testcases.Deleting_A_Product3" tests="2" failures="0" timestamp="17 Jan 2022 01:21:36 GMT" time="3.547" errors="0">
  <testcase name="Delete_A_Product" time="2.736" classname="testcases.Deleting_A_Product3"/>
  <testcase name="readAProduct" time="0.811" classname="testcases.Deleting_A_Product3"/>
</testsuite> <!-- testcases.Deleting_A_Product3 -->
