<?xml version="1.0" encoding="UTF-8"?>
<!-- Generated by org.testng.reporters.JUnitReportReporter -->
<testsuite skipped="0" hostname="DESKTOP-RUVD9SS" name="testcases.readallproduct" tests="1" failures="0" timestamp="17 Jan 2022 00:51:51 GMT" time="2.257" errors="0">
  <testcase name="readAllProducts" time="2.257" classname="testcases.readallproduct"/>
</testsuite> <!-- testcases.readallproduct -->
