<?xml version="1.0" encoding="UTF-8"?>
<!-- Generated by org.testng.reporters.JUnitReportReporter -->
<testsuite skipped="0" hostname="DESKTOP-RUVD9SS" name="testcases.readAproduct2" tests="1" failures="0" timestamp="16 Jan 2022 17:57:45 GMT" time="1.776" errors="0">
  <testcase name="readAProduct" time="1.776" classname="testcases.readAproduct2"/>
</testsuite> <!-- testcases.readAproduct2 -->
